app/build/outputs/mapping/release/mapping.txt
# compiler: R8
# compiler_version: 2.1.75
# min_api: 19
# pg_map_id: a622ada
# common_typos_disable
app.web.twatest_123.twa.LauncherActivity -> app.web.twatest_123.twa.LauncherActivity:
    android.net.Uri getLaunchingUrl() -> f
...
com.google.androidbrowserhelper.trusted.splashscreens.-$$Lambda$PwaWrapperSplashScreenStrategy$p-f_rUE4TsZEGw17K3MBDrUxlsQ -> com.google.androidbrowserhelper.trusted.w.b:
    java.lang.Runnable f$1 -> b
    com.google.androidbrowserhelper.trusted.splashscreens.PwaWrapperSplashScreenStrategy f$0 -> a
com.google.androidbrowserhelper.trusted.splashscreens.PwaWrapperSplashScreenStrategy -> com.google.androidbrowserhelper.trusted.w.c:
    java.lang.String mFileProviderAuthority -> f
    android.widget.ImageView$ScaleType mScaleType -> d
    java.lang.String mProviderPackage -> j
    boolean mProviderSupportsSplashScreens -> k
    boolean mEnterAnimationComplete -> l
    com.google.androidbrowserhelper.trusted.splashscreens.SystemBarColorPredictor sSystemBarColorPredictor -> n
    int mFadeOutDurationMillis -> g
    int mDrawableId -> b
    int mBackgroundColor -> c
    android.graphics.Bitmap mSplashImage -> h
    com.google.androidbrowserhelper.trusted.splashscreens.SplashImageTransferTask mSplashImageTransferTask -> i
    java.lang.Runnable mOnEnterAnimationCompleteRunnable -> m
    android.graphics.Matrix mTransformationMatrix -> e
    android.app.Activity mActivity -> a
    void configureTwaBuilder(androidx.browser.trusted.TrustedWebActivityIntentBuilder,androidx.browser.customtabs.CustomTabsSession,java.lang.Runnable) -> a
    void onTwaLaunchInitiated(java.lang.String,androidx.browser.trusted.TrustedWebActivityIntentBuilder) -> b
    void customizeStatusAndNavBarDuringSplashScreen(java.lang.String,androidx.browser.trusted.TrustedWebActivityIntentBuilder) -> c
    void destroy() -> d
    void lambda$configureTwaBuilder$0(androidx.browser.trusted.TrustedWebActivityIntentBuilder,java.lang.Runnable,boolean) -> e
com.google.androidbrowserhelper.trusted.splashscreens.SplashImageTransferTask -> com.google.androidbrowserhelper.trusted.w.d:
    android.content.Context mContext -> a
    androidx.browser.customtabs.CustomTabsSession mSession -> d
    android.graphics.Bitmap mBitmap -> b
    com.google.androidbrowserhelper.trusted.splashscreens.SplashImageTransferTask$Callback mCallback -> f
    java.lang.String mAuthority -> c
    android.os.AsyncTask mAsyncTask -> g
    java.lang.String mProviderPackage -> e
    android.content.Context access$000(com.google.androidbrowserhelper.trusted.splashscreens.SplashImageTransferTask) -> a
    android.graphics.Bitmap access$100(com.google.androidbrowserhelper.trusted.splashscreens.SplashImageTransferTask) -> b
    java.lang.String access$200(com.google.androidbrowserhelper.trusted.splashscreens.SplashImageTransferTask) -> c
    java.lang.String access$300(com.google.androidbrowserhelper.trusted.splashscreens.SplashImageTransferTask) -> d
    androidx.browser.customtabs.CustomTabsSession access$400(com.google.androidbrowserhelper.trusted.splashscreens.SplashImageTransferTask) -> e
    com.google.androidbrowserhelper.trusted.splashscreens.SplashImageTransferTask$Callback access$500(com.google.androidbrowserhelper.trusted.splashscreens.SplashImageTransferTask) -> f
    void cancel() -> g
    void execute(com.google.androidbrowserhelper.trusted.splashscreens.SplashImageTransferTask$Callback) -> h
com.google.androidbrowserhelper.trusted.splashscreens.SplashImageTransferTask$1 -> com.google.androidbrowserhelper.trusted.w.d$a:
    com.google.androidbrowserhelper.trusted.splashscreens.SplashImageTransferTask this$0 -> a
    java.lang.Boolean doInBackground(java.lang.Void[]) -> a
    long getLastAppUpdateTime() -> b
    void onPostExecute(java.lang.Boolean) -> c
    boolean transferToCustomTabsProvider(java.io.File) -> d
com.google.androidbrowserhelper.trusted.splashscreens.SplashImageTransferTask$Callback -> com.google.androidbrowserhelper.trusted.w.d$b:
    void onFinished(boolean) -> a