app/build/outputs/mapping/release/usage.txt
app.web.twatest_123.twa.R$xml
app.web.twatest_123.twa.R$color
app.web.twatest_123.twa.BuildConfig
app.web.twatest_123.twa.R$styleable
app.web.twatest_123.twa.R$raw
app.web.twatest_123.twa.R$mipmap
app.web.twatest_123.twa.R$string
app.web.twatest_123.twa.R
app.web.twatest_123.twa.R$style
app.web.twatest_123.twa.R$id
app.web.twatest_123.twa.R$drawable
app.web.twatest_123.twa.R$integer
app.web.twatest_123.twa.R$bool
app.web.twatest_123.twa.R$attr
app.web.twatest_123.twa.R$layout
app.web.twatest_123.twa.R$dimen
...
androidx.concurrent.futures.CallbackToFutureAdapter$FutureGarbageCollectedException
androidx.core.view.ViewCompat$AccessibilityPaneVisibilityManager
androidx.core.content.res.ResourcesCompat$FontCallback$2
androidx.browser.browseractions.BrowserActionsFallbackMenuAdapter$ViewHolderItem
androidx.core.view.animation.PathInterpolatorCompat
androidx.lifecycle.CompositeGeneratedAdaptersObserver:
    void <init>(androidx.lifecycle.GeneratedAdapter[])
    public void onStateChanged(androidx.lifecycle.LifecycleOwner,androidx.lifecycle.Lifecycle$Event)
    private final androidx.lifecycle.GeneratedAdapter[] mGeneratedAdapters
androidx.core.hardware.fingerprint.FingerprintManagerCompat$AuthenticationCallback
androidx.core.view.accessibility.AccessibilityViewCommand$MoveWindowArguments
androidx.core.app.ActivityCompat$SharedElementCallback21Impl
androidx.concurrent.futures.AbstractResolvableFuture$Listener
androidx.lifecycle.Lifecycle
android.support.customtabs.trusted.ITrustedWebActivityCallback$Stub$Proxy:
    public java.lang.String getInterfaceDescriptor()
    public void onExtraCallback(java.lang.String,android.os.Bundle)
    public static android.support.customtabs.trusted.ITrustedWebActivityCallback sDefaultImpl
androidx.core.app.JobIntentService$JobServiceEngineImpl$WrapperWorkItem
androidx.core.view.ViewPropertyAnimatorCompat$ViewPropertyAnimatorListenerApi14
androidx.core.app.NotificationCompatSideChannelService$NotificationSideChannelStub
androidx.versionedparcelable.VersionedParcelParcel:
    public void writeByteArray(byte[],int,int)
    public void writeLong(long)
    public void writeFloat(float)
    public void writeDouble(double)
    public void writeStrongBinder(android.os.IBinder)
    public void writeStrongInterface(android.os.IInterface)
    public void writeBundle(android.os.Bundle)
    public long readLong()
    public float readFloat()
    public double readDouble()
    public android.os.IBinder readStrongBinder()
    public android.os.Bundle readBundle()
    private static final boolean DEBUG
    private static final java.lang.String TAG
androidx.browser.trusted.TrustedWebActivityCallbackRemote:
    public void runExtraCallback(java.lang.String,android.os.Bundle)
androidx.browser.browseractions.BrowserActionsFallbackMenuUi$BrowserActionsFallMenuUiListener
androidx.core.widget.PopupMenuCompat
androidx.lifecycle.FullLifecycleObserver
androidx.lifecycle.R
androidx.core.app.RemoteInput$Builder
androidx.collection.ArrayMap:
    public void <init>(int)
    public void <init>(androidx.collection.SimpleArrayMap)
    public boolean containsAll(java.util.Collection)
    public boolean removeAll(java.util.Collection)
    public boolean retainAll(java.util.Collection)
androidx.lifecycle.LifecycleOwner
com.google.androidbrowserhelper.R$drawable:
    private void <init>()
    public static final int notification_action_background
    public static final int notification_bg
    public static final int notification_bg_low
    public static final int notification_bg_low_normal
    public static final int notification_bg_low_pressed
    public static final int notification_bg_normal
    public static final int notification_bg_normal_pressed
    public static final int notification_icon_background
    public static final int notification_template_icon_bg
    public static final int notification_template_icon_low_bg
    public static final int notification_tile_bg
    public static final int notify_panel_notification_icon_bg